Compiled application.js  (2ms)  (pid 1672)
Compiled jquery.js  (2ms)  (pid 1672)
Compiled jquery_ujs.js  (0ms)  (pid 1672)
Compiled pages.js  (106ms)  (pid 1672)
Compiled application.css  (2ms)  (pid 1672)
Compiled pages.css  (5ms)  (pid 1672)
Compiled application.js  (3ms)  (pid 1667)
Compiled jquery.js  (26ms)  (pid 1667)
Compiled jquery_ujs.js  (0ms)  (pid 1667)
Compiled pages.js  (179ms)  (pid 1667)
Compiled application.css  (1ms)  (pid 1667)
Compiled pages.css  (4ms)  (pid 1667)
Compiled application.js  (4ms)  (pid 1774)
Compiled jquery.js  (25ms)  (pid 1774)
Compiled jquery_ujs.js  (0ms)  (pid 1774)
Compiled pages.js  (103ms)  (pid 1774)
Compiled application.css  (1ms)  (pid 1774)
Compiled pages.css  (3ms)  (pid 1774)
Compiled application.js  (3ms)  (pid 1769)
Compiled jquery.js  (23ms)  (pid 1769)
Compiled jquery_ujs.js  (0ms)  (pid 1769)
Compiled pages.js  (174ms)  (pid 1769)
Compiled application.css  (1ms)  (pid 1769)
Compiled pages.css  (3ms)  (pid 1769)
